<?xml version="1.0" encoding="UTF-8"?>
<testsuite name="com.mjh.book.springboot.web.dto.HelloResponseDtoTest" tests="1" skipped="0" failures="0" errors="0" timestamp="2023-03-07T05:50:21" hostname="DESKTOP-F9GTSSD" time="0.002">
  <properties/>
  <testcase name="롬복_기능_테스트" classname="com.mjh.book.springboot.web.dto.HelloResponseDtoTest" time="0.002"/>
  <system-out><![CDATA[]]></system-out>
  <system-err><![CDATA[]]></system-err>
</testsuite>
