<?xml version="1.0" encoding="UTF-8"?>
<testsuite name="com.mjh.book.springboot.web.HelloControllerTest" tests="2" skipped="0" failures="0" errors="0" timestamp="2023-03-07T05:50:17" hostname="DESKTOP-F9GTSSD" time="0.23">
  <properties/>
  <testcase name="hello가_리턴된다" classname="com.mjh.book.springboot.web.HelloControllerTest" time="0.173"/>
  <testcase name="helloDto가_리턴된다" classname="com.mjh.book.springboot.web.HelloControllerTest" time="0.057"/>
  <system-out><![CDATA[14:50:15.494 [Test worker] DEBUG org.springframework.test.context.junit4.SpringJUnit4ClassRunner - SpringJUnit4ClassRunner constructor called with [class com.mjh.book.springboot.web.HelloControllerTest]
14:50:15.500 [Test worker] DEBUG org.springframework.test.context.BootstrapUtils - Instantiating CacheAwareContextLoaderDelegate from class [org.springframework.test.context.cache.DefaultCacheAwareContextLoaderDelegate]
14:50:15.505 [Test worker] DEBUG org.springframework.test.context.BootstrapUtils - Instantiating BootstrapContext using constructor [public org.springframework.test.context.support.DefaultBootstrapContext(java.lang.Class,org.springframework.test.context.CacheAwareContextLoaderDelegate)]
14:50:15.519 [Test worker] DEBUG org.springframework.test.context.BootstrapUtils - Instantiating TestContextBootstrapper for test class [com.mjh.book.springboot.web.HelloControllerTest] from class [org.springframework.boot.test.autoconfigure.web.servlet.WebMvcTestContextBootstrapper]
14:50:15.533 [Test worker] INFO org.springframework.boot.test.autoconfigure.web.servlet.WebMvcTestContextBootstrapper - Neither @ContextConfiguration nor @ContextHierarchy found for test class [com.mjh.book.springboot.web.HelloControllerTest], using SpringBootContextLoader
14:50:15.535 [Test worker] DEBUG org.springframework.test.context.support.AbstractContextLoader - Did not detect default resource location for test class [com.mjh.book.springboot.web.HelloControllerTest]: class path resource [com/mjh/book/springboot/web/HelloControllerTest-context.xml] does not exist
14:50:15.536 [Test worker] DEBUG org.springframework.test.context.support.AbstractContextLoader - Did not detect default resource location for test class [com.mjh.book.springboot.web.HelloControllerTest]: class path resource [com/mjh/book/springboot/web/HelloControllerTestContext.groovy] does not exist
14:50:15.536 [Test worker] INFO org.springframework.test.context.support.AbstractContextLoader - Could not detect default resource locations for test class [com.mjh.book.springboot.web.HelloControllerTest]: no resource found for suffixes {-context.xml, Context.groovy}.
14:50:15.536 [Test worker] INFO org.springframework.test.context.support.AnnotationConfigContextLoaderUtils - Could not detect default configuration classes for test class [com.mjh.book.springboot.web.HelloControllerTest]: HelloControllerTest does not declare any static, non-private, non-final, nested classes annotated with @Configuration.
14:50:15.583 [Test worker] DEBUG org.springframework.test.context.support.ActiveProfilesUtils - Could not find an 'annotation declaring class' for annotation type [org.springframework.test.context.ActiveProfiles] and class [com.mjh.book.springboot.web.HelloControllerTest]
14:50:15.641 [Test worker] DEBUG org.springframework.context.annotation.ClassPathScanningCandidateComponentProvider - Identified candidate component class: file [C:\Users\rowem_server\Desktop\dev\free-springboot2-webservice\build\classes\java\main\com\mjh\book\springboot\Application.class]
14:50:15.642 [Test worker] INFO org.springframework.boot.test.context.SpringBootTestContextBootstrapper - Found @SpringBootConfiguration com.mjh.book.springboot.Application for test class com.mjh.book.springboot.web.HelloControllerTest
14:50:15.644 [Test worker] DEBUG org.springframework.boot.test.autoconfigure.web.servlet.WebMvcTestContextBootstrapper - @TestExecutionListeners is not present for class [com.mjh.book.springboot.web.HelloControllerTest]: using defaults.
14:50:15.644 [Test worker] INFO org.springframework.boot.test.autoconfigure.web.servlet.WebMvcTestContextBootstrapper - Loaded default TestExecutionListener class names from location [META-INF/spring.factories]: [org.springframework.security.test.context.support.WithSecurityContextTestExecutionListener, org.springframework.security.test.context.support.ReactorContextTestExecutionListener, org.springframework.boot.test.autoconfigure.restdocs.RestDocsTestExecutionListener, org.springframework.boot.test.autoconfigure.web.client.MockRestServiceServerResetTestExecutionListener, org.springframework.boot.test.autoconfigure.web.servlet.MockMvcPrintOnlyOnFailureTestExecutionListener, org.springframework.boot.test.autoconfigure.web.servlet.WebDriverTestExecutionListener, org.springframework.boot.test.mock.mockito.MockitoTestExecutionListener, org.springframework.boot.test.mock.mockito.ResetMocksTestExecutionListener, org.springframework.test.context.web.ServletTestExecutionListener, org.springframework.test.context.support.DirtiesContextBeforeModesTestExecutionListener, org.springframework.test.context.support.DependencyInjectionTestExecutionListener, org.springframework.test.context.support.DirtiesContextTestExecutionListener, org.springframework.test.context.transaction.TransactionalTestExecutionListener, org.springframework.test.context.jdbc.SqlScriptsTestExecutionListener]
14:50:15.661 [Test worker] INFO org.springframework.boot.test.autoconfigure.web.servlet.WebMvcTestContextBootstrapper - Using TestExecutionListeners: [org.springframework.test.context.web.ServletTestExecutionListener@49f46529, org.springframework.test.context.support.DirtiesContextBeforeModesTestExecutionListener@6c3fb7f7, org.springframework.boot.test.mock.mockito.MockitoTestExecutionListener@19a18da0, org.springframework.boot.test.autoconfigure.SpringBootDependencyInjectionTestExecutionListener@66059263, org.springframework.test.context.support.DirtiesContextTestExecutionListener@cb26ea7, org.springframework.test.context.transaction.TransactionalTestExecutionListener@1da3e0c9, org.springframework.test.context.jdbc.SqlScriptsTestExecutionListener@87ab250, org.springframework.security.test.context.support.WithSecurityContextTestExecutionListener@42a6bfb6, org.springframework.security.test.context.support.ReactorContextTestExecutionListener@5dfe3613, org.springframework.boot.test.autoconfigure.restdocs.RestDocsTestExecutionListener@5fd930cd, org.springframework.boot.test.autoconfigure.web.client.MockRestServiceServerResetTestExecutionListener@26cf154, org.springframework.boot.test.autoconfigure.web.servlet.MockMvcPrintOnlyOnFailureTestExecutionListener@75c0b5a0, org.springframework.boot.test.autoconfigure.web.servlet.WebDriverTestExecutionListener@59225ba5, org.springframework.boot.test.mock.mockito.ResetMocksTestExecutionListener@4f6b4714]
14:50:15.664 [Test worker] DEBUG org.springframework.test.annotation.ProfileValueUtils - Retrieved @ProfileValueSourceConfiguration [null] for test class [com.mjh.book.springboot.web.HelloControllerTest]
14:50:15.664 [Test worker] DEBUG org.springframework.test.annotation.ProfileValueUtils - Retrieved ProfileValueSource type [class org.springframework.test.annotation.SystemProfileValueSource] for class [com.mjh.book.springboot.web.HelloControllerTest]
14:50:15.665 [Test worker] DEBUG org.springframework.test.annotation.ProfileValueUtils - Retrieved @ProfileValueSourceConfiguration [null] for test class [com.mjh.book.springboot.web.HelloControllerTest]
14:50:15.665 [Test worker] DEBUG org.springframework.test.annotation.ProfileValueUtils - Retrieved ProfileValueSource type [class org.springframework.test.annotation.SystemProfileValueSource] for class [com.mjh.book.springboot.web.HelloControllerTest]
14:50:15.669 [Test worker] DEBUG org.springframework.test.context.support.AbstractDirtiesContextTestExecutionListener - Before test class: context [DefaultTestContext@f4c4a63 testClass = HelloControllerTest, testInstance = [null], testMethod = [null], testException = [null], mergedContextConfiguration = [WebMergedContextConfiguration@3a5158c7 testClass = HelloControllerTest, locations = '{}', classes = '{class com.mjh.book.springboot.Application}', contextInitializerClasses = '[]', activeProfiles = '{}', propertySourceLocations = '{}', propertySourceProperties = '{org.springframework.boot.test.autoconfigure.web.servlet.WebMvcTestContextBootstrapper=true}', contextCustomizers = set[org.springframework.boot.test.autoconfigure.OverrideAutoConfigurationContextCustomizerFactory$DisableAutoConfigurationContextCustomizer@4f53a5bd, org.springframework.boot.test.autoconfigure.filter.TypeExcludeFiltersContextCustomizer@1360ca26, org.springframework.boot.test.autoconfigure.properties.PropertyMappingContextCustomizer@93b14fc8, org.springframework.boot.test.autoconfigure.web.servlet.WebDriverContextCustomizerFactory$Customizer@7c064976, [ImportsContextCustomizer@6a218216 key = [org.springframework.boot.autoconfigure.cache.CacheAutoConfiguration, org.springframework.boot.autoconfigure.context.MessageSourceAutoConfiguration, org.springframework.boot.autoconfigure.data.web.SpringDataWebAutoConfiguration, org.springframework.boot.autoconfigure.freemarker.FreeMarkerAutoConfiguration, org.springframework.boot.autoconfigure.groovy.template.GroovyTemplateAutoConfiguration, org.springframework.boot.autoconfigure.gson.GsonAutoConfiguration, org.springframework.boot.autoconfigure.hateoas.HypermediaAutoConfiguration, org.springframework.boot.autoconfigure.http.HttpMessageConvertersAutoConfiguration, org.springframework.boot.autoconfigure.jackson.JacksonAutoConfiguration, org.springframework.boot.autoconfigure.jsonb.JsonbAutoConfiguration, org.springframework.boot.autoconfigure.mustache.MustacheAutoConfiguration, org.springframework.boot.autoconfigure.task.TaskExecutionAutoConfiguration, org.springframework.boot.autoconfigure.thymeleaf.ThymeleafAutoConfiguration, org.springframework.boot.autoconfigure.validation.ValidationAutoConfiguration, org.springframework.boot.autoconfigure.web.servlet.error.ErrorMvcAutoConfiguration, org.springframework.boot.autoconfigure.web.servlet.WebMvcAutoConfiguration, org.springframework.boot.test.autoconfigure.web.servlet.MockMvcAutoConfiguration, org.springframework.boot.test.autoconfigure.web.servlet.MockMvcSecurityAutoConfiguration, org.springframework.boot.test.autoconfigure.web.servlet.MockMvcWebClientAutoConfiguration, org.springframework.boot.test.autoconfigure.web.servlet.MockMvcWebDriverAutoConfiguration]], org.springframework.boot.test.context.filter.ExcludeFilterContextCustomizer@273169c2, org.springframework.boot.test.json.DuplicateJsonObjectContextCustomizerFactory$DuplicateJsonObjectContextCustomizer@6be35dc7, org.springframework.boot.test.mock.mockito.MockitoContextCustomizer@0], resourceBasePath = 'src/main/webapp', contextLoader = 'org.springframework.boot.test.context.SpringBootContextLoader', parent = [null]], attributes = map[[empty]]], class annotated with @DirtiesContext [false] with mode [null].
14:50:15.669 [Test worker] DEBUG org.springframework.test.annotation.ProfileValueUtils - Retrieved @ProfileValueSourceConfiguration [null] for test class [com.mjh.book.springboot.web.HelloControllerTest]
14:50:15.670 [Test worker] DEBUG org.springframework.test.annotation.ProfileValueUtils - Retrieved ProfileValueSource type [class org.springframework.test.annotation.SystemProfileValueSource] for class [com.mjh.book.springboot.web.HelloControllerTest]
14:50:15.673 [Test worker] DEBUG org.springframework.test.context.support.DependencyInjectionTestExecutionListener - Performing dependency injection for test context [[DefaultTestContext@f4c4a63 testClass = HelloControllerTest, testInstance = com.mjh.book.springboot.web.HelloControllerTest@2886c675, testMethod = [null], testException = [null], mergedContextConfiguration = [WebMergedContextConfiguration@3a5158c7 testClass = HelloControllerTest, locations = '{}', classes = '{class com.mjh.book.springboot.Application}', contextInitializerClasses = '[]', activeProfiles = '{}', propertySourceLocations = '{}', propertySourceProperties = '{org.springframework.boot.test.autoconfigure.web.servlet.WebMvcTestContextBootstrapper=true}', contextCustomizers = set[org.springframework.boot.test.autoconfigure.OverrideAutoConfigurationContextCustomizerFactory$DisableAutoConfigurationContextCustomizer@4f53a5bd, org.springframework.boot.test.autoconfigure.filter.TypeExcludeFiltersContextCustomizer@1360ca26, org.springframework.boot.test.autoconfigure.properties.PropertyMappingContextCustomizer@93b14fc8, org.springframework.boot.test.autoconfigure.web.servlet.WebDriverContextCustomizerFactory$Customizer@7c064976, [ImportsContextCustomizer@6a218216 key = [org.springframework.boot.autoconfigure.cache.CacheAutoConfiguration, org.springframework.boot.autoconfigure.context.MessageSourceAutoConfiguration, org.springframework.boot.autoconfigure.data.web.SpringDataWebAutoConfiguration, org.springframework.boot.autoconfigure.freemarker.FreeMarkerAutoConfiguration, org.springframework.boot.autoconfigure.groovy.template.GroovyTemplateAutoConfiguration, org.springframework.boot.autoconfigure.gson.GsonAutoConfiguration, org.springframework.boot.autoconfigure.hateoas.HypermediaAutoConfiguration, org.springframework.boot.autoconfigure.http.HttpMessageConvertersAutoConfiguration, org.springframework.boot.autoconfigure.jackson.JacksonAutoConfiguration, org.springframework.boot.autoconfigure.jsonb.JsonbAutoConfiguration, org.springframework.boot.autoconfigure.mustache.MustacheAutoConfiguration, org.springframework.boot.autoconfigure.task.TaskExecutionAutoConfiguration, org.springframework.boot.autoconfigure.thymeleaf.ThymeleafAutoConfiguration, org.springframework.boot.autoconfigure.validation.ValidationAutoConfiguration, org.springframework.boot.autoconfigure.web.servlet.error.ErrorMvcAutoConfiguration, org.springframework.boot.autoconfigure.web.servlet.WebMvcAutoConfiguration, org.springframework.boot.test.autoconfigure.web.servlet.MockMvcAutoConfiguration, org.springframework.boot.test.autoconfigure.web.servlet.MockMvcSecurityAutoConfiguration, org.springframework.boot.test.autoconfigure.web.servlet.MockMvcWebClientAutoConfiguration, org.springframework.boot.test.autoconfigure.web.servlet.MockMvcWebDriverAutoConfiguration]], org.springframework.boot.test.context.filter.ExcludeFilterContextCustomizer@273169c2, org.springframework.boot.test.json.DuplicateJsonObjectContextCustomizerFactory$DuplicateJsonObjectContextCustomizer@6be35dc7, org.springframework.boot.test.mock.mockito.MockitoContextCustomizer@0], resourceBasePath = 'src/main/webapp', contextLoader = 'org.springframework.boot.test.context.SpringBootContextLoader', parent = [null]], attributes = map[[empty]]]].
14:50:15.764 [Test worker] DEBUG org.springframework.test.context.support.TestPropertySourceUtils - Adding inlined properties to environment: {spring.jmx.enabled=false, org.springframework.boot.test.autoconfigure.web.servlet.WebMvcTestContextBootstrapper=true, server.port=-1}

  .   ____          _            __ _ _
 /\\ / ___'_ __ _ _(_)_ __  __ _ \ \ \ \
( ( )\___ | '_ | '_| | '_ \/ _` | \ \ \ \
 \\/  ___)| |_)| | | | | || (_| |  ) ) ) )
  '  |____| .__|_| |_|_| |_\__, | / / / /
 =========|_|==============|___/=/_/_/_/
 :: Spring Boot ::        (v2.1.7.RELEASE)

2023-03-07 14:50:15.931  INFO 460 --- [    Test worker] c.m.b.s.web.HelloControllerTest          : Starting HelloControllerTest on DESKTOP-F9GTSSD with PID 460 (started by rowem_server in C:\Users\rowem_server\Desktop\dev\free-springboot2-webservice)
2023-03-07 14:50:15.939  INFO 460 --- [    Test worker] c.m.b.s.web.HelloControllerTest          : No active profile set, falling back to default profiles: default
2023-03-07 14:50:17.013  INFO 460 --- [    Test worker] o.s.s.concurrent.ThreadPoolTaskExecutor  : Initializing ExecutorService 'applicationTaskExecutor'
2023-03-07 14:50:17.080  INFO 460 --- [    Test worker] o.s.b.a.w.s.WelcomePageHandlerMapping    : Adding welcome page template: index
2023-03-07 14:50:17.344  INFO 460 --- [    Test worker] .s.s.UserDetailsServiceAutoConfiguration : 

Using generated security password: 8b2b2682-d496-497c-8175-72ba74d4db64

2023-03-07 14:50:17.541  INFO 460 --- [    Test worker] o.s.s.web.DefaultSecurityFilterChain     : Creating filter chain: any request, [org.springframework.security.web.context.request.async.WebAsyncManagerIntegrationFilter@1fb33700, org.springframework.security.web.context.SecurityContextPersistenceFilter@67a6f21e, org.springframework.security.web.header.HeaderWriterFilter@a42fbf, org.springframework.security.web.csrf.CsrfFilter@7e96e9be, org.springframework.security.web.authentication.logout.LogoutFilter@20211f70, org.springframework.security.web.authentication.UsernamePasswordAuthenticationFilter@2daf7e3e, org.springframework.security.web.authentication.ui.DefaultLoginPageGeneratingFilter@5a48a75e, org.springframework.security.web.authentication.ui.DefaultLogoutPageGeneratingFilter@3c30875, org.springframework.security.web.authentication.www.BasicAuthenticationFilter@5d082797, org.springframework.security.web.savedrequest.RequestCacheAwareFilter@32c3fd4c, org.springframework.security.web.servletapi.SecurityContextHolderAwareRequestFilter@3598e294, org.springframework.security.web.authentication.AnonymousAuthenticationFilter@1c5a9e66, org.springframework.security.web.session.SessionManagementFilter@72e2aef0, org.springframework.security.web.access.ExceptionTranslationFilter@756b6c, org.springframework.security.web.access.intercept.FilterSecurityInterceptor@43a0fd0]
2023-03-07 14:50:17.573  INFO 460 --- [    Test worker] o.s.b.t.m.w.SpringBootMockServletContext : Initializing Spring TestDispatcherServlet ''
2023-03-07 14:50:17.573  INFO 460 --- [    Test worker] o.s.t.web.servlet.TestDispatcherServlet  : Initializing Servlet ''
2023-03-07 14:50:17.582  INFO 460 --- [    Test worker] o.s.t.web.servlet.TestDispatcherServlet  : Completed initialization in 9 ms
2023-03-07 14:50:17.617  INFO 460 --- [    Test worker] c.m.b.s.web.HelloControllerTest          : Started HelloControllerTest in 1.847 seconds (JVM running for 2.618)
]]></system-out>
  <system-err><![CDATA[]]></system-err>
</testsuite>
