<?xml version="1.0" encoding="UTF-8"?>
<testsuite name="com.mjh.book.springboot.web.IndexControllerTest" tests="1" skipped="0" failures="0" errors="0" timestamp="2023-03-08T09:47:38" hostname="DESKTOP-F9GTSSD" time="0.344">
  <properties/>
  <testcase name="메인페이지_로딩" classname="com.mjh.book.springboot.web.IndexControllerTest" time="0.344"/>
  <system-out><![CDATA[18:47:33.050 [Test worker] DEBUG org.springframework.test.context.junit4.SpringJUnit4ClassRunner - SpringJUnit4ClassRunner constructor called with [class com.mjh.book.springboot.web.IndexControllerTest]
18:47:33.056 [Test worker] DEBUG org.springframework.test.context.BootstrapUtils - Instantiating CacheAwareContextLoaderDelegate from class [org.springframework.test.context.cache.DefaultCacheAwareContextLoaderDelegate]
18:47:33.065 [Test worker] DEBUG org.springframework.test.context.BootstrapUtils - Instantiating BootstrapContext using constructor [public org.springframework.test.context.support.DefaultBootstrapContext(java.lang.Class,org.springframework.test.context.CacheAwareContextLoaderDelegate)]
18:47:33.081 [Test worker] DEBUG org.springframework.test.context.BootstrapUtils - Instantiating TestContextBootstrapper for test class [com.mjh.book.springboot.web.IndexControllerTest] from class [org.springframework.boot.test.context.SpringBootTestContextBootstrapper]
18:47:33.094 [Test worker] INFO org.springframework.boot.test.context.SpringBootTestContextBootstrapper - Neither @ContextConfiguration nor @ContextHierarchy found for test class [com.mjh.book.springboot.web.IndexControllerTest], using SpringBootContextLoader
18:47:33.097 [Test worker] DEBUG org.springframework.test.context.support.AbstractContextLoader - Did not detect default resource location for test class [com.mjh.book.springboot.web.IndexControllerTest]: class path resource [com/mjh/book/springboot/web/IndexControllerTest-context.xml] does not exist
18:47:33.098 [Test worker] DEBUG org.springframework.test.context.support.AbstractContextLoader - Did not detect default resource location for test class [com.mjh.book.springboot.web.IndexControllerTest]: class path resource [com/mjh/book/springboot/web/IndexControllerTestContext.groovy] does not exist
18:47:33.098 [Test worker] INFO org.springframework.test.context.support.AbstractContextLoader - Could not detect default resource locations for test class [com.mjh.book.springboot.web.IndexControllerTest]: no resource found for suffixes {-context.xml, Context.groovy}.
18:47:33.098 [Test worker] INFO org.springframework.test.context.support.AnnotationConfigContextLoaderUtils - Could not detect default configuration classes for test class [com.mjh.book.springboot.web.IndexControllerTest]: IndexControllerTest does not declare any static, non-private, non-final, nested classes annotated with @Configuration.
18:47:33.132 [Test worker] DEBUG org.springframework.test.context.support.ActiveProfilesUtils - Could not find an 'annotation declaring class' for annotation type [org.springframework.test.context.ActiveProfiles] and class [com.mjh.book.springboot.web.IndexControllerTest]
18:47:33.219 [Test worker] DEBUG org.springframework.context.annotation.ClassPathScanningCandidateComponentProvider - Identified candidate component class: file [C:\Users\rowem_server\Desktop\dev\free-springboot2-webservice\build\classes\java\main\com\mjh\book\springboot\Application.class]
18:47:33.220 [Test worker] INFO org.springframework.boot.test.context.SpringBootTestContextBootstrapper - Found @SpringBootConfiguration com.mjh.book.springboot.Application for test class com.mjh.book.springboot.web.IndexControllerTest
18:47:33.307 [Test worker] DEBUG org.springframework.boot.test.context.SpringBootTestContextBootstrapper - @TestExecutionListeners is not present for class [com.mjh.book.springboot.web.IndexControllerTest]: using defaults.
18:47:33.308 [Test worker] INFO org.springframework.boot.test.context.SpringBootTestContextBootstrapper - Loaded default TestExecutionListener class names from location [META-INF/spring.factories]: [org.springframework.security.test.context.support.WithSecurityContextTestExecutionListener, org.springframework.security.test.context.support.ReactorContextTestExecutionListener, org.springframework.boot.test.autoconfigure.restdocs.RestDocsTestExecutionListener, org.springframework.boot.test.autoconfigure.web.client.MockRestServiceServerResetTestExecutionListener, org.springframework.boot.test.autoconfigure.web.servlet.MockMvcPrintOnlyOnFailureTestExecutionListener, org.springframework.boot.test.autoconfigure.web.servlet.WebDriverTestExecutionListener, org.springframework.boot.test.mock.mockito.MockitoTestExecutionListener, org.springframework.boot.test.mock.mockito.ResetMocksTestExecutionListener, org.springframework.test.context.web.ServletTestExecutionListener, org.springframework.test.context.support.DirtiesContextBeforeModesTestExecutionListener, org.springframework.test.context.support.DependencyInjectionTestExecutionListener, org.springframework.test.context.support.DirtiesContextTestExecutionListener, org.springframework.test.context.transaction.TransactionalTestExecutionListener, org.springframework.test.context.jdbc.SqlScriptsTestExecutionListener]
18:47:33.333 [Test worker] INFO org.springframework.boot.test.context.SpringBootTestContextBootstrapper - Using TestExecutionListeners: [org.springframework.test.context.web.ServletTestExecutionListener@d783eee, org.springframework.test.context.support.DirtiesContextBeforeModesTestExecutionListener@4fa21c4b, org.springframework.boot.test.mock.mockito.MockitoTestExecutionListener@cb58d78, org.springframework.boot.test.autoconfigure.SpringBootDependencyInjectionTestExecutionListener@2c6588a8, org.springframework.test.context.support.DirtiesContextTestExecutionListener@60264c84, org.springframework.test.context.transaction.TransactionalTestExecutionListener@3fb9548f, org.springframework.test.context.jdbc.SqlScriptsTestExecutionListener@1f47c04d, org.springframework.security.test.context.support.WithSecurityContextTestExecutionListener@1f672bc5, org.springframework.security.test.context.support.ReactorContextTestExecutionListener@4df706c1, org.springframework.boot.test.autoconfigure.restdocs.RestDocsTestExecutionListener@381f2edc, org.springframework.boot.test.autoconfigure.web.client.MockRestServiceServerResetTestExecutionListener@197bc43a, org.springframework.boot.test.autoconfigure.web.servlet.MockMvcPrintOnlyOnFailureTestExecutionListener@3f64fdd3, org.springframework.boot.test.autoconfigure.web.servlet.WebDriverTestExecutionListener@4ad035f0, org.springframework.boot.test.mock.mockito.ResetMocksTestExecutionListener@b789bb8]
18:47:33.335 [Test worker] DEBUG org.springframework.test.annotation.ProfileValueUtils - Retrieved @ProfileValueSourceConfiguration [null] for test class [com.mjh.book.springboot.web.IndexControllerTest]
18:47:33.336 [Test worker] DEBUG org.springframework.test.annotation.ProfileValueUtils - Retrieved ProfileValueSource type [class org.springframework.test.annotation.SystemProfileValueSource] for class [com.mjh.book.springboot.web.IndexControllerTest]
18:47:33.339 [Test worker] DEBUG org.springframework.test.annotation.ProfileValueUtils - Retrieved @ProfileValueSourceConfiguration [null] for test class [com.mjh.book.springboot.web.IndexControllerTest]
18:47:33.339 [Test worker] DEBUG org.springframework.test.annotation.ProfileValueUtils - Retrieved ProfileValueSource type [class org.springframework.test.annotation.SystemProfileValueSource] for class [com.mjh.book.springboot.web.IndexControllerTest]
18:47:33.339 [Test worker] DEBUG org.springframework.test.annotation.ProfileValueUtils - Retrieved @ProfileValueSourceConfiguration [null] for test class [com.mjh.book.springboot.web.IndexControllerTest]
18:47:33.339 [Test worker] DEBUG org.springframework.test.annotation.ProfileValueUtils - Retrieved ProfileValueSource type [class org.springframework.test.annotation.SystemProfileValueSource] for class [com.mjh.book.springboot.web.IndexControllerTest]
18:47:33.343 [Test worker] DEBUG org.springframework.test.context.support.AbstractDirtiesContextTestExecutionListener - Before test class: context [DefaultTestContext@282feb53 testClass = IndexControllerTest, testInstance = [null], testMethod = [null], testException = [null], mergedContextConfiguration = [WebMergedContextConfiguration@b11ff87 testClass = IndexControllerTest, locations = '{}', classes = '{class com.mjh.book.springboot.Application}', contextInitializerClasses = '[]', activeProfiles = '{}', propertySourceLocations = '{}', propertySourceProperties = '{org.springframework.boot.test.context.SpringBootTestContextBootstrapper=true, server.port=0}', contextCustomizers = set[org.springframework.boot.test.autoconfigure.properties.PropertyMappingContextCustomizer@0, org.springframework.boot.test.autoconfigure.web.servlet.WebDriverContextCustomizerFactory$Customizer@7d5c6f92, org.springframework.boot.test.context.filter.ExcludeFilterContextCustomizer@4fb94cc5, org.springframework.boot.test.json.DuplicateJsonObjectContextCustomizerFactory$DuplicateJsonObjectContextCustomizer@61c25be3, org.springframework.boot.test.mock.mockito.MockitoContextCustomizer@0, org.springframework.boot.test.web.client.TestRestTemplateContextCustomizer@40e04ed3], resourceBasePath = 'src/main/webapp', contextLoader = 'org.springframework.boot.test.context.SpringBootContextLoader', parent = [null]], attributes = map['org.springframework.test.context.web.ServletTestExecutionListener.activateListener' -> false]], class annotated with @DirtiesContext [false] with mode [null].
18:47:33.343 [Test worker] DEBUG org.springframework.test.annotation.ProfileValueUtils - Retrieved @ProfileValueSourceConfiguration [null] for test class [com.mjh.book.springboot.web.IndexControllerTest]
18:47:33.343 [Test worker] DEBUG org.springframework.test.annotation.ProfileValueUtils - Retrieved ProfileValueSource type [class org.springframework.test.annotation.SystemProfileValueSource] for class [com.mjh.book.springboot.web.IndexControllerTest]
18:47:33.348 [Test worker] DEBUG org.springframework.test.context.support.DependencyInjectionTestExecutionListener - Performing dependency injection for test context [[DefaultTestContext@282feb53 testClass = IndexControllerTest, testInstance = com.mjh.book.springboot.web.IndexControllerTest@7b65d546, testMethod = [null], testException = [null], mergedContextConfiguration = [WebMergedContextConfiguration@b11ff87 testClass = IndexControllerTest, locations = '{}', classes = '{class com.mjh.book.springboot.Application}', contextInitializerClasses = '[]', activeProfiles = '{}', propertySourceLocations = '{}', propertySourceProperties = '{org.springframework.boot.test.context.SpringBootTestContextBootstrapper=true, server.port=0}', contextCustomizers = set[org.springframework.boot.test.autoconfigure.properties.PropertyMappingContextCustomizer@0, org.springframework.boot.test.autoconfigure.web.servlet.WebDriverContextCustomizerFactory$Customizer@7d5c6f92, org.springframework.boot.test.context.filter.ExcludeFilterContextCustomizer@4fb94cc5, org.springframework.boot.test.json.DuplicateJsonObjectContextCustomizerFactory$DuplicateJsonObjectContextCustomizer@61c25be3, org.springframework.boot.test.mock.mockito.MockitoContextCustomizer@0, org.springframework.boot.test.web.client.TestRestTemplateContextCustomizer@40e04ed3], resourceBasePath = 'src/main/webapp', contextLoader = 'org.springframework.boot.test.context.SpringBootContextLoader', parent = [null]], attributes = map['org.springframework.test.context.web.ServletTestExecutionListener.activateListener' -> false]]].
18:47:33.364 [Test worker] DEBUG org.springframework.test.context.support.TestPropertySourceUtils - Adding inlined properties to environment: {spring.jmx.enabled=false, org.springframework.boot.test.context.SpringBootTestContextBootstrapper=true, server.port=0}

  .   ____          _            __ _ _
 /\\ / ___'_ __ _ _(_)_ __  __ _ \ \ \ \
( ( )\___ | '_ | '_| | '_ \/ _` | \ \ \ \
 \\/  ___)| |_)| | | | | || (_| |  ) ) ) )
  '  |____| .__|_| |_|_| |_\__, | / / / /
 =========|_|==============|___/=/_/_/_/
 :: Spring Boot ::        (v2.1.7.RELEASE)

2023-03-08 18:47:33.586  INFO 11608 --- [    Test worker] c.m.b.s.web.IndexControllerTest          : Starting IndexControllerTest on DESKTOP-F9GTSSD with PID 11608 (started by rowem_server in C:\Users\rowem_server\Desktop\dev\free-springboot2-webservice)
2023-03-08 18:47:33.588  INFO 11608 --- [    Test worker] c.m.b.s.web.IndexControllerTest          : No active profile set, falling back to default profiles: default
2023-03-08 18:47:34.246  INFO 11608 --- [    Test worker] .s.d.r.c.RepositoryConfigurationDelegate : Bootstrapping Spring Data repositories in DEFAULT mode.
2023-03-08 18:47:34.321  INFO 11608 --- [    Test worker] .s.d.r.c.RepositoryConfigurationDelegate : Finished Spring Data repository scanning in 66ms. Found 2 repository interfaces.
2023-03-08 18:47:34.715  INFO 11608 --- [    Test worker] trationDelegate$BeanPostProcessorChecker : Bean 'org.springframework.transaction.annotation.ProxyTransactionManagementConfiguration' of type [org.springframework.transaction.annotation.ProxyTransactionManagementConfiguration$$EnhancerBySpringCGLIB$$31f13aa9] is not eligible for getting processed by all BeanPostProcessors (for example: not eligible for auto-proxying)
2023-03-08 18:47:35.045  INFO 11608 --- [    Test worker] o.s.b.w.embedded.tomcat.TomcatWebServer  : Tomcat initialized with port(s): 0 (http)
2023-03-08 18:47:35.066  INFO 11608 --- [    Test worker] o.apache.catalina.core.StandardService   : Starting service [Tomcat]
2023-03-08 18:47:35.066  INFO 11608 --- [    Test worker] org.apache.catalina.core.StandardEngine  : Starting Servlet engine: [Apache Tomcat/9.0.22]
2023-03-08 18:47:35.168  INFO 11608 --- [    Test worker] o.a.c.c.C.[Tomcat].[localhost].[/]       : Initializing Spring embedded WebApplicationContext
2023-03-08 18:47:35.168  INFO 11608 --- [    Test worker] o.s.web.context.ContextLoader            : Root WebApplicationContext: initialization completed in 1548 ms
2023-03-08 18:47:35.386  INFO 11608 --- [    Test worker] com.zaxxer.hikari.HikariDataSource       : HikariPool-1 - Starting...
2023-03-08 18:47:35.538  INFO 11608 --- [    Test worker] com.zaxxer.hikari.HikariDataSource       : HikariPool-1 - Start completed.
2023-03-08 18:47:35.624  INFO 11608 --- [    Test worker] o.hibernate.jpa.internal.util.LogHelper  : HHH000204: Processing PersistenceUnitInfo [
	name: default
	...]
2023-03-08 18:47:35.716  INFO 11608 --- [    Test worker] org.hibernate.Version                    : HHH000412: Hibernate Core {5.3.10.Final}
2023-03-08 18:47:35.717  INFO 11608 --- [    Test worker] org.hibernate.cfg.Environment            : HHH000206: hibernate.properties not found
2023-03-08 18:47:35.900  INFO 11608 --- [    Test worker] o.hibernate.annotations.common.Version   : HCANN000001: Hibernate Commons Annotations {5.0.4.Final}
2023-03-08 18:47:36.082  INFO 11608 --- [    Test worker] org.hibernate.dialect.Dialect            : HHH000400: Using dialect: org.hibernate.dialect.MySQL5InnoDBDialect
Hibernate: drop table if exists posts
Hibernate: drop table if exists user
Hibernate: create table posts (id bigint not null auto_increment, created_date datetime, modified_date datetime, author varchar(255), content TEXT not null, title varchar(500) not null, primary key (id)) engine=InnoDB
Hibernate: create table user (id bigint not null auto_increment, created_date datetime, modified_date datetime, email varchar(255) not null, name varchar(255) not null, picture varchar(255), role varchar(255) not null, primary key (id)) engine=InnoDB
2023-03-08 18:47:36.735  INFO 11608 --- [    Test worker] o.h.t.schema.internal.SchemaCreatorImpl  : HHH000476: Executing import script 'org.hibernate.tool.schema.internal.exec.ScriptSourceInputNonExistentImpl@5311fc5b'
2023-03-08 18:47:36.738  INFO 11608 --- [    Test worker] j.LocalContainerEntityManagerFactoryBean : Initialized JPA EntityManagerFactory for persistence unit 'default'
2023-03-08 18:47:37.436  INFO 11608 --- [    Test worker] o.h.h.i.QueryTranslatorFactoryInitiator  : HHH000397: Using ASTQueryTranslatorFactory
2023-03-08 18:47:37.849  INFO 11608 --- [    Test worker] o.s.s.web.DefaultSecurityFilterChain     : Creating filter chain: any request, [org.springframework.security.web.context.request.async.WebAsyncManagerIntegrationFilter@5e57993a, org.springframework.security.web.context.SecurityContextPersistenceFilter@7d61a17c, org.springframework.security.web.header.HeaderWriterFilter@694e0fd3, org.springframework.security.web.authentication.logout.LogoutFilter@7ae53c61, org.springframework.security.oauth2.client.web.OAuth2AuthorizationRequestRedirectFilter@316be4ea, org.springframework.security.oauth2.client.web.OAuth2LoginAuthenticationFilter@60728ab1, org.springframework.security.web.authentication.ui.DefaultLoginPageGeneratingFilter@759b0051, org.springframework.security.web.authentication.ui.DefaultLogoutPageGeneratingFilter@2c90ef5b, org.springframework.security.web.savedrequest.RequestCacheAwareFilter@59110202, org.springframework.security.web.servletapi.SecurityContextHolderAwareRequestFilter@707af7d1, org.springframework.security.web.authentication.AnonymousAuthenticationFilter@52b29e30, org.springframework.security.web.session.SessionManagementFilter@3da506ce, org.springframework.security.web.access.ExceptionTranslationFilter@713300e, org.springframework.security.web.access.intercept.FilterSecurityInterceptor@24ea3d]
2023-03-08 18:47:38.134  INFO 11608 --- [    Test worker] o.s.s.concurrent.ThreadPoolTaskExecutor  : Initializing ExecutorService 'applicationTaskExecutor'
2023-03-08 18:47:38.180  WARN 11608 --- [    Test worker] aWebConfiguration$JpaWebMvcConfiguration : spring.jpa.open-in-view is enabled by default. Therefore, database queries may be performed during view rendering. Explicitly configure spring.jpa.open-in-view to disable this warning
2023-03-08 18:47:38.221  INFO 11608 --- [    Test worker] o.s.b.a.w.s.WelcomePageHandlerMapping    : Adding welcome page template: index
2023-03-08 18:47:38.524  INFO 11608 --- [    Test worker] s.a.ScheduledAnnotationBeanPostProcessor : No TaskScheduler/ScheduledExecutorService bean found for scheduled processing
2023-03-08 18:47:38.548  INFO 11608 --- [    Test worker] o.s.b.w.embedded.tomcat.TomcatWebServer  : Tomcat started on port(s): 63108 (http) with context path ''
2023-03-08 18:47:38.550  INFO 11608 --- [    Test worker] c.m.b.s.web.IndexControllerTest          : Started IndexControllerTest in 5.184 seconds (JVM running for 6.035)
2023-03-08 18:47:38.693  INFO 11608 --- [o-auto-1-exec-1] o.a.c.c.C.[Tomcat].[localhost].[/]       : Initializing Spring DispatcherServlet 'dispatcherServlet'
2023-03-08 18:47:38.693  INFO 11608 --- [o-auto-1-exec-1] o.s.web.servlet.DispatcherServlet        : Initializing Servlet 'dispatcherServlet'
2023-03-08 18:47:38.716  INFO 11608 --- [o-auto-1-exec-1] o.s.web.servlet.DispatcherServlet        : Completed initialization in 23 ms
Hibernate: select posts0_.id as id1_0_, posts0_.created_date as created_2_0_, posts0_.modified_date as modified3_0_, posts0_.author as author4_0_, posts0_.content as content5_0_, posts0_.title as title6_0_ from posts posts0_ order by posts0_.id DESC
]]></system-out>
  <system-err><![CDATA[]]></system-err>
</testsuite>
